<?xml version="1.0" encoding="UTF-8"?>
<jboss-web>
   <context-root>/testing-repo</context-root>
   <security-domain>perfrepo_test</security-domain>
</jboss-web>
